#
# There is insufficient memory for the Java Runtime Environment to continue.
# Native memory allocation (mmap) failed to map 268435456 bytes for G1 virtual space
# Possible reasons:
#   The system is out of physical RAM or swap space
#   The process is running with CompressedOops enabled, and the Java Heap may be blocking the growth of the native heap
# Possible solutions:
#   Reduce memory load on the system
#   Increase physical memory or swap space
#   Check if swap backing store is full
#   Decrease Java heap size (-Xmx/-Xms)
#   Decrease number of Java threads
#   Decrease Java thread stack sizes (-Xss)
#   Set larger code cache with -XX:ReservedCodeCacheSize=
#   JVM is running with Zero Based Compressed Oops mode in which the Java heap is
#     placed in the first 32GB address space. The Java Heap base address is the
#     maximum limit for the native heap growth. Please use -XX:HeapBaseMinAddress
#     to set the Java Heap base and to place the Java Heap above 32GB virtual address.
# This output file may be truncated or incomplete.
#
#  Out of Memory Error (os_windows.cpp:3548), pid=13708, tid=12160
#
# JRE version:  (17.0.5+8) (build )
# Java VM: OpenJDK 64-Bit Server VM (17.0.5+8-LTS, mixed mode, sharing, tiered, compressed oops, compressed class ptrs, g1 gc, windows-amd64)
# No core dump will be written. Minidumps are not enabled by default on client versions of Windows
#

---------------  S U M M A R Y ------------

Command Line: -Dfile.encoding=windows-1252 -Duser.country=ES -Duser.language=es -Duser.variant es.severo.EasyProtein.EasyProteinApplication

Host: Intel(R) Core(TM) i7-7700HQ CPU @ 2.80GHz, 8 cores, 15G,  Windows 10 , 64 bit Build 19041 (10.0.19041.2788)
Time: Tue May  9 10:54:55 2023 Hora de verano romance elapsed time: 0.012135 seconds (0d 0h 0m 0s)

---------------  T H R E A D  ---------------

Current thread (0x0000017c590fa810):  JavaThread "Unknown thread" [_thread_in_vm, id=12160, stack(0x0000002eeb000000,0x0000002eeb100000)]

Stack: [0x0000002eeb000000,0x0000002eeb100000]
Native frames: (J=compiled Java code, j=interpreted, Vv=VM code, C=native code)
V  [jvm.dll+0x646e0a]
V  [jvm.dll+0x7f7f14]
V  [jvm.dll+0x7f96ce]
V  [jvm.dll+0x7f9d23]
V  [jvm.dll+0x234c98]
V  [jvm.dll+0x643d6a]
V  [jvm.dll+0x63849a]
V  [jvm.dll+0x2f2ed9]
V  [jvm.dll+0x2fa066]
V  [jvm.dll+0x345a2a]
V  [jvm.dll+0x345c6f]
V  [jvm.dll+0x2c9378]
V  [jvm.dll+0x2ca309]
V  [jvm.dll+0x7cb681]
V  [jvm.dll+0x352eb1]
V  [jvm.dll+0x7abb8e]
V  [jvm.dll+0x3ce293]
V  [jvm.dll+0x3cfc91]
C  [jli.dll+0x519f]
C  [ucrtbase.dll+0x21bb2]
C  [KERNEL32.DLL+0x17604]
C  [ntdll.dll+0x526a1]


---------------  P R O C E S S  ---------------

Threads class SMR info:
_java_thread_list=0x00007ffa46b56758, length=0, elements={
}

Java Threads: ( => current thread )

Other Threads:
  0x0000017c591652c0 GCTaskThread "GC Thread#0" [stack: 0x0000002eeb100000,0x0000002eeb200000] [id=8020]
  0x0000017c59177360 ConcurrentGCThread "G1 Main Marker" [stack: 0x0000002eeb200000,0x0000002eeb300000] [id=18140]
  0x0000017c59177c80 ConcurrentGCThread "G1 Conc#0" [stack: 0x0000002eeb300000,0x0000002eeb400000] [id=2416]

[error occurred during error reporting (printing all threads), id 0xc0000005, EXCEPTION_ACCESS_VIOLATION (0xc0000005) at pc=0x00007ffa4634a567]

VM state: not at safepoint (not fully initialized)

VM Mutex/Monitor currently owned by a thread:  ([mutex/lock_event])
[0x0000017c590f6390] Heap_lock - owner thread: 0x0000017c590fa810

Heap address: 0x0000000701c00000, size: 4068 MB, Compressed Oops mode: Zero based, Oop shift amount: 3

CDS archive(s) mapped at: [0x0000000000000000-0x0000000000000000-0x0000000000000000), size 0, SharedBaseAddress: 0x0000000800000000, ArchiveRelocationMode: 0.
Narrow klass base: 0x0000000000000000, Narrow klass shift: 0, Narrow klass range: 0x0

GC Precious Log:
<Empty>

Heap:
 garbage-first heap   total 0K, used 0K [0x0000000701c00000, 0x0000000800000000)
  region size 2048K, 0 young (0K), 0 survivors (0K)

[error occurred during error reporting (printing heap information), id 0xc0000005, EXCEPTION_ACCESS_VIOLATION (0xc0000005) at pc=0x00007ffa4670e739]

GC Heap History (0 events):
No events

Dll operation events (1 events):
Event: 0.006 Loaded shared library C:\Users\usuariopc\.jdks\corretto-17.0.5\bin\java.dll

Deoptimization events (0 events):
No events

Classes unloaded (0 events):
No events

Classes redefined (0 events):
No events

Internal exceptions (0 events):
No events

VM Operations (0 events):
No events

Events (0 events):
No events


Dynamic libraries:
0x00007ff6200c0000 - 0x00007ff6200cd000 	C:\Users\usuariopc\.jdks\corretto-17.0.5\bin\java.exe
0x00007ffab7050000 - 0x00007ffab7248000 	C:\WINDOWS\SYSTEM32\ntdll.dll
0x00007ffab6c80000 - 0x00007ffab6d3f000 	C:\WINDOWS\System32\KERNEL32.DLL
0x00007ffab47d0000 - 0x00007ffab4aaa000 	C:\WINDOWS\System32\KERNELBASE.dll
0x00007ffab4bb0000 - 0x00007ffab4cb0000 	C:\WINDOWS\System32\ucrtbase.dll
0x00007ffa9f410000 - 0x00007ffa9f427000 	C:\Users\usuariopc\.jdks\corretto-17.0.5\bin\jli.dll
0x00007ffa9d930000 - 0x00007ffa9d945000 	C:\Users\usuariopc\.jdks\corretto-17.0.5\bin\VCRUNTIME140.dll
0x00007ffab5f20000 - 0x00007ffab60bd000 	C:\WINDOWS\System32\USER32.dll
0x00007ffab4ae0000 - 0x00007ffab4b02000 	C:\WINDOWS\System32\win32u.dll
0x00007ffa93b10000 - 0x00007ffa93daa000 	C:\WINDOWS\WinSxS\amd64_microsoft.windows.common-controls_6595b64144ccf1df_6.0.19041.1110_none_60b5254171f9507e\COMCTL32.dll
0x00007ffab5420000 - 0x00007ffab544b000 	C:\WINDOWS\System32\GDI32.dll
0x00007ffab4d60000 - 0x00007ffab4e70000 	C:\WINDOWS\System32\gdi32full.dll
0x00007ffab52d0000 - 0x00007ffab536e000 	C:\WINDOWS\System32\msvcrt.dll
0x00007ffab4b10000 - 0x00007ffab4bad000 	C:\WINDOWS\System32\msvcp_win.dll
0x00007ffab5ef0000 - 0x00007ffab5f20000 	C:\WINDOWS\System32\IMM32.DLL
0x00007ffa67ed0000 - 0x00007ffa67f6b000 	C:\Users\usuariopc\.jdks\corretto-17.0.5\bin\msvcp140.dll
0x00007ffa46070000 - 0x00007ffa46c84000 	C:\Users\usuariopc\.jdks\corretto-17.0.5\bin\server\jvm.dll
0x00007ffab5370000 - 0x00007ffab541e000 	C:\WINDOWS\System32\ADVAPI32.dll
0x00007ffab5e50000 - 0x00007ffab5eec000 	C:\WINDOWS\System32\sechost.dll
0x00007ffab5190000 - 0x00007ffab52b6000 	C:\WINDOWS\System32\RPCRT4.dll
0x00007ffa92160000 - 0x00007ffa92169000 	C:\WINDOWS\SYSTEM32\WSOCK32.dll
0x00007ffaa5010000 - 0x00007ffaa5037000 	C:\WINDOWS\SYSTEM32\WINMM.dll
0x00007ffab6330000 - 0x00007ffab639b000 	C:\WINDOWS\System32\WS2_32.dll
0x00007ffaacf70000 - 0x00007ffaacf7a000 	C:\WINDOWS\SYSTEM32\VERSION.dll
0x00007ffab2fb0000 - 0x00007ffab2fc2000 	C:\WINDOWS\SYSTEM32\kernel.appcore.dll
0x00007ffaa5540000 - 0x00007ffaa554a000 	C:\Users\usuariopc\.jdks\corretto-17.0.5\bin\jimage.dll
0x00007ffab2ce0000 - 0x00007ffab2ec4000 	C:\WINDOWS\SYSTEM32\DBGHELP.DLL
0x00007ffa92120000 - 0x00007ffa92154000 	C:\WINDOWS\SYSTEM32\dbgcore.DLL
0x00007ffab4e70000 - 0x00007ffab4ef2000 	C:\WINDOWS\System32\bcryptPrimitives.dll
0x00007ffa80690000 - 0x00007ffa806b5000 	C:\Users\usuariopc\.jdks\corretto-17.0.5\bin\java.dll

dbghelp: loaded successfully - version: 4.0.5 - missing functions: none
symbol engine: initialized successfully - sym options: 0x614 - pdb path: .;C:\Users\usuariopc\.jdks\corretto-17.0.5\bin;C:\WINDOWS\SYSTEM32;C:\WINDOWS\WinSxS\amd64_microsoft.windows.common-controls_6595b64144ccf1df_6.0.19041.1110_none_60b5254171f9507e;C:\Users\usuariopc\.jdks\corretto-17.0.5\bin\server

VM Arguments:
jvm_args: -Dfile.encoding=windows-1252 -Duser.country=ES -Duser.language=es -Duser.variant 
java_command: es.severo.EasyProtein.EasyProteinApplication
java_class_path (initial): D:\DAM\Asignaturas\Ada\EasyProtein\build\classes\java\main;D:\DAM\Asignaturas\Ada\EasyProtein\build\resources\main;C:\Users\usuariopc\.gradle\caches\modules-2\files-2.1\org.springframework.boot\spring-boot-starter-data-jpa\3.0.6\d0b6b836a6e3a223a92e6594c2d8c5f0a7cccec\spring-boot-starter-data-jpa-3.0.6.jar;C:\Users\usuariopc\.gradle\caches\modules-2\files-2.1\org.springframework.boot\spring-boot-starter-web\3.0.6\7c6597cae584c359d7e4ddea6e006176e0c15936\spring-boot-starter-web-3.0.6.jar;C:\Users\usuariopc\.gradle\caches\modules-2\files-2.1\org.springframework.boot\spring-boot-starter-thymeleaf\3.0.1\ba4c1951400a41caed62546a97b010b98ebeac9f\spring-boot-starter-thymeleaf-3.0.1.jar;C:\Users\usuariopc\.gradle\caches\modules-2\files-2.1\org.springframework.boot\spring-boot-starter-validation\3.0.6\d5933e79435cd9459be59f297e207caa0deb01f6\spring-boot-starter-validation-3.0.6.jar;C:\Users\usuariopc\.gradle\caches\modules-2\files-2.1\org.springdoc\springdoc-openapi-starter-webmvc-ui\2.0.4\975455ed2fb5e518331ae11dacf5e9d36ca17553\springdoc-openapi-starter-webmvc-ui-2.0.4.jar;C:\Users\usuariopc\.gradle\caches\modules-2\files-2.1\com.mysql\mysql-connector-j\8.0.33\9e64d997873abc4318620264703d3fdb6b02dd5a\mysql-connector-j-8.0.33.jar;C:\Users\usuariopc\.gradle\caches\modules-2\files-2.1\com.h2database\h2\2.1.214\d5c2005c9e3279201e12d4776c948578b16bf8b2\h2-2.1.214.jar;C:\Users\usuariopc\.gradle\caches\modules-2\files-2.1\org.springframework.boot\spring-boot-starter-aop\3.0.6\bb39de062db9b7b7a277e6c026ed5ac45f544fc8\spring-boot-starter-aop-3.0.6.jar;C:\Users\usuariopc\.gradle\caches\modules-2\files-2.1\org.springframework.boot\spring-boot-starter-jdbc\3.0.6\672661f4a90a9479170fba058a88892dac5ba69c\spring-boot-starter-jdbc-3.0.6.jar;C:\Users\usuariopc\.gradle\caches\modules-2\files-2.1\org.hibernate.orm\hibernate-core\6.1.7.Final\343f47b34c96fe9c44bf9b219a7b3c5d6d2fc90e\hibernate-core-6.1.7.Final.jar;C:\Users\usuariopc\.gradle\caches\modules-2\files-2.
Launcher Type: SUN_STANDARD

[Global flags]
     intx CICompilerCount                          = 4                                         {product} {ergonomic}
     uint ConcGCThreads                            = 2                                         {product} {ergonomic}
     uint G1ConcRefinementThreads                  = 8                                         {product} {ergonomic}
   size_t G1HeapRegionSize                         = 2097152                                   {product} {ergonomic}
    uintx GCDrainStackTargetSize                   = 64                                        {product} {ergonomic}
   size_t InitialHeapSize                          = 268435456                                 {product} {ergonomic}
   size_t MarkStackSize                            = 4194304                                   {product} {ergonomic}
   size_t MaxHeapSize                              = 4265607168                                {product} {ergonomic}
   size_t MinHeapDeltaBytes                        = 2097152                                   {product} {ergonomic}
   size_t MinHeapSize                              = 8388608                                   {product} {ergonomic}
    uintx NonNMethodCodeHeapSize                   = 5839372                                {pd product} {ergonomic}
    uintx NonProfiledCodeHeapSize                  = 122909434                              {pd product} {ergonomic}
    uintx ProfiledCodeHeapSize                     = 122909434                              {pd product} {ergonomic}
    uintx ReservedCodeCacheSize                    = 251658240                              {pd product} {ergonomic}
     bool SegmentedCodeCache                       = true                                      {product} {ergonomic}
   size_t SoftMaxHeapSize                          = 4265607168                             {manageable} {ergonomic}
     bool UseCompressedClassPointers               = true                           {product lp64_product} {ergonomic}
     bool UseCompressedOops                        = true                           {product lp64_product} {ergonomic}
     bool UseG1GC                                  = true                                      {product} {ergonomic}
     bool UseLargePagesIndividualAllocation        = false                                  {pd product} {ergonomic}

Logging:
Log output configuration:
 #0: stdout all=warning uptime,level,tags
 #1: stderr all=off uptime,level,tags

Environment Variables:
PATH=C:\Program Files\Common Files\Oracle\Java\javapath;D:\DAM\BaseDeDatos\dbhomeXE\bin;C:\Program Files (x86)\Intel\iCLS Client\;C:\Program Files\Intel\iCLS Client\;C:\windows\system32;C:\windows;C:\windows\System32\Wbem;C:\windows\System32\WindowsPowerShell\v1.0\;C:\Program Files (x86)\Intel\Intel(R) Management Engine Components\DAL;C:\Program Files\Intel\Intel(R) Management Engine Components\DAL;C:\Program Files (x86)\Intel\Intel(R) Management Engine Components\IPT;C:\Program Files\Intel\Intel(R) Management Engine Components\IPT;C:\Program Files (x86)\NVIDIA Corporation\PhysX\Common;C:\WINDOWS\system32;C:\WINDOWS;C:\WINDOWS\System32\Wbem;C:\WINDOWS\System32\WindowsPowerShell\v1.0\;C:\WINDOWS\System32\OpenSSH\;C:\Program Files\dotnet\;D:\DAM\Git\cmd;C:\Program Files\nodejs\;C:\Program Files\MySQL\MySQL Shell 8.0\bin\;C:\Users\usuariopc\AppData\Local\Microsoft\WindowsApps;D:\Microsoft VS Code\bin;C:\Users\usuariopc\.dotnet\tools;C:\Users\usuariopc\AppData\Roaming\npm;C:\Program Files\MySQL\MySQL Server 8.0\bin;
USERNAME=usuariopc
OS=Windows_NT
PROCESSOR_IDENTIFIER=Intel64 Family 6 Model 158 Stepping 9, GenuineIntel
TMP=C:\Users\USUARI~1\AppData\Local\Temp
TEMP=C:\Users\USUARI~1\AppData\Local\Temp



---------------  S Y S T E M  ---------------

OS:
 Windows 10 , 64 bit Build 19041 (10.0.19041.2788)
OS uptime: 9 days 16:09 hours

CPU: total 8 (initial active 8) (4 cores per cpu, 2 threads per core) family 6 model 158 stepping 9 microcode 0xea, cx8, cmov, fxsr, ht, mmx, 3dnowpref, sse, sse2, sse3, ssse3, sse4.1, sse4.2, popcnt, lzcnt, tsc, tscinvbit, avx, avx2, aes, erms, clmul, bmi1, bmi2, adx, fma, vzeroupper, clflush, clflushopt

Memory: 4k page, system-wide physical 16266M (2993M free)
TotalPageFile size 16266M (AvailPageFile size 81M)
current process WorkingSet (physical memory assigned to process): 10M, peak: 10M
current process commit charge ("private bytes"): 60M, peak: 316M

vm_info: OpenJDK 64-Bit Server VM (17.0.5+8-LTS) for windows-amd64 JRE (17.0.5+8-LTS), built on Oct 13 2022 05:18:14 by "Administrator" with MS VC++ 15.9 (VS2017)

END.
